[2024-05-26 18:53:59Z INFO HostContext] No proxy settings were found based on environmental variables (http_proxy/https_proxy/HTTP_PROXY/HTTPS_PROXY)
[2024-05-26 18:53:59Z INFO HostContext] Well known directory 'Bin': 'C:\Users\Lazar\Documents\Naloga02\actions-runner\actions-runner-win-x64-2.316.1\bin'
[2024-05-26 18:53:59Z INFO HostContext] Well known directory 'Root': 'C:\Users\Lazar\Documents\Naloga02\actions-runner\actions-runner-win-x64-2.316.1'
[2024-05-26 18:53:59Z INFO HostContext] Well known config file 'Credentials': 'C:\Users\Lazar\Documents\Naloga02\actions-runner\actions-runner-win-x64-2.316.1\.credentials'
[2024-05-26 18:53:59Z INFO HostContext] Well known directory 'Bin': 'C:\Users\Lazar\Documents\Naloga02\actions-runner\actions-runner-win-x64-2.316.1\bin'
[2024-05-26 18:53:59Z INFO HostContext] Well known directory 'Root': 'C:\Users\Lazar\Documents\Naloga02\actions-runner\actions-runner-win-x64-2.316.1'
[2024-05-26 18:53:59Z INFO HostContext] Well known config file 'Runner': 'C:\Users\Lazar\Documents\Naloga02\actions-runner\actions-runner-win-x64-2.316.1\.runner'
[2024-05-26 18:53:59Z INFO Listener] Runner is built for Windows (X64) - win-x64.
[2024-05-26 18:53:59Z INFO Listener] RuntimeInformation: Microsoft Windows 10.0.19045.
[2024-05-26 18:53:59Z INFO Listener] Version: 2.316.1
[2024-05-26 18:53:59Z INFO Listener] Commit: 9ac138d10eac15c71493f004f1b1bc919ead40de
[2024-05-26 18:53:59Z INFO Listener] Culture: en-US
[2024-05-26 18:53:59Z INFO Listener] UI Culture: en-US
[2024-05-26 18:53:59Z INFO HostContext] Well known directory 'Bin': 'C:\Users\Lazar\Documents\Naloga02\actions-runner\actions-runner-win-x64-2.316.1\bin'
[2024-05-26 18:53:59Z INFO HostContext] Well known directory 'Root': 'C:\Users\Lazar\Documents\Naloga02\actions-runner\actions-runner-win-x64-2.316.1'
[2024-05-26 18:53:59Z INFO Listener] Validating directory permissions for: 'C:\Users\Lazar\Documents\Naloga02\actions-runner\actions-runner-win-x64-2.316.1'
[2024-05-26 18:53:59Z INFO CommandLineParser] Parse
[2024-05-26 18:53:59Z INFO CommandLineParser] Parsing 1 args
[2024-05-26 18:53:59Z INFO CommandLineParser] parsing argument
[2024-05-26 18:53:59Z INFO CommandLineParser] HasArgs: False
[2024-05-26 18:53:59Z INFO CommandLineParser] Adding Command: run
[2024-05-26 18:53:59Z INFO Listener] Arguments parsed
[2024-05-26 18:53:59Z INFO Runner] ExecuteCommand
[2024-05-26 18:53:59Z INFO ConfigurationStore] currentAssemblyLocation: C:\Users\Lazar\Documents\Naloga02\actions-runner\actions-runner-win-x64-2.316.1\bin\Runner.Listener.dll
[2024-05-26 18:53:59Z INFO HostContext] Well known directory 'Bin': 'C:\Users\Lazar\Documents\Naloga02\actions-runner\actions-runner-win-x64-2.316.1\bin'
[2024-05-26 18:53:59Z INFO ConfigurationStore] binPath: C:\Users\Lazar\Documents\Naloga02\actions-runner\actions-runner-win-x64-2.316.1\bin
[2024-05-26 18:53:59Z INFO HostContext] Well known directory 'Bin': 'C:\Users\Lazar\Documents\Naloga02\actions-runner\actions-runner-win-x64-2.316.1\bin'
[2024-05-26 18:53:59Z INFO HostContext] Well known directory 'Root': 'C:\Users\Lazar\Documents\Naloga02\actions-runner\actions-runner-win-x64-2.316.1'
[2024-05-26 18:53:59Z INFO ConfigurationStore] RootFolder: C:\Users\Lazar\Documents\Naloga02\actions-runner\actions-runner-win-x64-2.316.1
[2024-05-26 18:53:59Z INFO HostContext] Well known directory 'Bin': 'C:\Users\Lazar\Documents\Naloga02\actions-runner\actions-runner-win-x64-2.316.1\bin'
[2024-05-26 18:53:59Z INFO HostContext] Well known directory 'Root': 'C:\Users\Lazar\Documents\Naloga02\actions-runner\actions-runner-win-x64-2.316.1'
[2024-05-26 18:53:59Z INFO HostContext] Well known config file 'Runner': 'C:\Users\Lazar\Documents\Naloga02\actions-runner\actions-runner-win-x64-2.316.1\.runner'
[2024-05-26 18:53:59Z INFO ConfigurationStore] ConfigFilePath: C:\Users\Lazar\Documents\Naloga02\actions-runner\actions-runner-win-x64-2.316.1\.runner
[2024-05-26 18:53:59Z INFO HostContext] Well known directory 'Bin': 'C:\Users\Lazar\Documents\Naloga02\actions-runner\actions-runner-win-x64-2.316.1\bin'
[2024-05-26 18:53:59Z INFO HostContext] Well known directory 'Root': 'C:\Users\Lazar\Documents\Naloga02\actions-runner\actions-runner-win-x64-2.316.1'
[2024-05-26 18:53:59Z INFO HostContext] Well known config file 'Credentials': 'C:\Users\Lazar\Documents\Naloga02\actions-runner\actions-runner-win-x64-2.316.1\.credentials'
[2024-05-26 18:53:59Z INFO ConfigurationStore] CredFilePath: C:\Users\Lazar\Documents\Naloga02\actions-runner\actions-runner-win-x64-2.316.1\.credentials
[2024-05-26 18:53:59Z INFO HostContext] Well known directory 'Bin': 'C:\Users\Lazar\Documents\Naloga02\actions-runner\actions-runner-win-x64-2.316.1\bin'
[2024-05-26 18:53:59Z INFO HostContext] Well known directory 'Root': 'C:\Users\Lazar\Documents\Naloga02\actions-runner\actions-runner-win-x64-2.316.1'
[2024-05-26 18:53:59Z INFO HostContext] Well known config file 'MigratedCredentials': 'C:\Users\Lazar\Documents\Naloga02\actions-runner\actions-runner-win-x64-2.316.1\.credentials_migrated'
[2024-05-26 18:53:59Z INFO ConfigurationStore] MigratedCredFilePath: C:\Users\Lazar\Documents\Naloga02\actions-runner\actions-runner-win-x64-2.316.1\.credentials_migrated
[2024-05-26 18:53:59Z INFO HostContext] Well known directory 'Bin': 'C:\Users\Lazar\Documents\Naloga02\actions-runner\actions-runner-win-x64-2.316.1\bin'
[2024-05-26 18:53:59Z INFO HostContext] Well known directory 'Root': 'C:\Users\Lazar\Documents\Naloga02\actions-runner\actions-runner-win-x64-2.316.1'
[2024-05-26 18:53:59Z INFO HostContext] Well known config file 'Service': 'C:\Users\Lazar\Documents\Naloga02\actions-runner\actions-runner-win-x64-2.316.1\.service'
[2024-05-26 18:53:59Z INFO ConfigurationStore] ServiceConfigFilePath: C:\Users\Lazar\Documents\Naloga02\actions-runner\actions-runner-win-x64-2.316.1\.service
[2024-05-26 18:53:59Z INFO CommandSettings] Flag 'help': 'False'
[2024-05-26 18:53:59Z INFO CommandSettings] Flag 'version': 'False'
[2024-05-26 18:53:59Z INFO CommandSettings] Flag 'commit': 'False'
[2024-05-26 18:53:59Z INFO CommandSettings] Flag 'check': 'False'
[2024-05-26 18:53:59Z INFO CommandSettings] Command 'configure': 'False'
[2024-05-26 18:53:59Z INFO CommandSettings] Command 'remove': 'False'
[2024-05-26 18:53:59Z INFO CommandSettings] Command 'warmup': 'False'
[2024-05-26 18:53:59Z INFO ConfigurationManager] LoadSettings
[2024-05-26 18:53:59Z INFO ConfigurationStore] IsConfigured()
[2024-05-26 18:53:59Z INFO ConfigurationStore] IsConfigured: True
[2024-05-26 18:53:59Z INFO ConfigurationManager] Is configured: True
[2024-05-26 18:53:59Z INFO ConfigurationStore] Read setting file: 315 chars
[2024-05-26 18:53:59Z INFO ConfigurationManager] Settings Loaded
[2024-05-26 18:53:59Z INFO ConfigurationStore] IsServiceConfigured()
[2024-05-26 18:53:59Z INFO ConfigurationStore] IsServiceConfigured: False
[2024-05-26 18:53:59Z INFO CommandSettings] Command 'run': 'True'
[2024-05-26 18:53:59Z INFO ConfigurationStore] IsConfigured()
[2024-05-26 18:53:59Z INFO ConfigurationStore] IsConfigured: True
[2024-05-26 18:53:59Z INFO ConfigurationManager] Is configured: True
[2024-05-26 18:53:59Z INFO Runner] Could not parse the argument value '' for StartupType. Defaulting to Manual
[2024-05-26 18:53:59Z INFO Runner] Set runner startup type - Manual
[2024-05-26 18:53:59Z INFO CommandSettings] Flag 'once': 'False'
[2024-05-26 18:53:59Z INFO CommandSettings] Flag 'once': 'False'
[2024-05-26 18:53:59Z INFO Runner] RunAsync
[2024-05-26 18:53:59Z INFO ConfigurationManager] LoadSettings
[2024-05-26 18:53:59Z INFO ConfigurationStore] IsConfigured()
[2024-05-26 18:53:59Z INFO ConfigurationStore] IsConfigured: True
[2024-05-26 18:53:59Z INFO ConfigurationManager] Is configured: True
[2024-05-26 18:53:59Z INFO ConfigurationManager] Settings Loaded
[2024-05-26 18:53:59Z INFO MessageListener] {
  "AgentId": 21,
  "AgentName": "DESKTOP-8Q64MPE",
  "PoolId": 1,
  "PoolName": "Default",
  "ServerUrl": "https://pipelinesghubeus5.actions.githubusercontent.com/6ChMJZHkcolBhkQUAqT38oPLcHejAEdjLNciU0ZQ8IYkh6lDwy/",
  "GitHubUrl": "https://github.com/Lazar2201/Preizkusanje_09",
  "WorkFolder": "_work"
}
[2024-05-26 18:53:59Z INFO MessageListener] Loading Credentials
[2024-05-26 18:53:59Z INFO ConfigurationStore] HasCredentials()
[2024-05-26 18:53:59Z INFO ConfigurationStore] stored True
[2024-05-26 18:53:59Z INFO CredentialManager] GetCredentialProvider
[2024-05-26 18:53:59Z INFO CredentialManager] Creating type OAuth
[2024-05-26 18:53:59Z INFO CredentialManager] Creating credential type: OAuth
[2024-05-26 18:53:59Z INFO HostContext] Well known directory 'Bin': 'C:\Users\Lazar\Documents\Naloga02\actions-runner\actions-runner-win-x64-2.316.1\bin'
[2024-05-26 18:53:59Z INFO HostContext] Well known directory 'Root': 'C:\Users\Lazar\Documents\Naloga02\actions-runner\actions-runner-win-x64-2.316.1'
[2024-05-26 18:53:59Z INFO HostContext] Well known config file 'RSACredentials': 'C:\Users\Lazar\Documents\Naloga02\actions-runner\actions-runner-win-x64-2.316.1\.credentials_rsaparams'
[2024-05-26 18:53:59Z INFO RSAEncryptedFileKeyManager] Loading RSA key parameters from file C:\Users\Lazar\Documents\Naloga02\actions-runner\actions-runner-win-x64-2.316.1\.credentials_rsaparams
[2024-05-26 18:53:59Z INFO MessageListener] Attempt to create session.
[2024-05-26 18:53:59Z INFO MessageListener] Connecting to the Runner Server...
[2024-05-26 18:53:59Z INFO RunnerServer] EstablishVssConnection
[2024-05-26 18:53:59Z INFO RunnerServer] Establish connection with 100 seconds timeout.
[2024-05-26 18:53:59Z INFO GitHubActionsService] Starting operation Location.GetConnectionData
[2024-05-26 18:53:59Z INFO RunnerServer] EstablishVssConnection
[2024-05-26 18:53:59Z INFO RunnerServer] Establish connection with 60 seconds timeout.
[2024-05-26 18:53:59Z INFO GitHubActionsService] Starting operation Location.GetConnectionData
[2024-05-26 18:53:59Z INFO RunnerServer] EstablishVssConnection
[2024-05-26 18:53:59Z INFO RunnerServer] Establish connection with 60 seconds timeout.
[2024-05-26 18:53:59Z INFO GitHubActionsService] Starting operation Location.GetConnectionData
