[2024-05-26 19:14:21Z INFO HostContext] No proxy settings were found based on environmental variables (http_proxy/https_proxy/HTTP_PROXY/HTTPS_PROXY)
[2024-05-26 19:14:21Z INFO HostContext] Well known directory 'Bin': 'C:\Users\Lazar\Documents\Naloga02\actions-runner\actions-runner-win-x64-2.316.1\bin'
[2024-05-26 19:14:21Z INFO HostContext] Well known directory 'Root': 'C:\Users\Lazar\Documents\Naloga02\actions-runner\actions-runner-win-x64-2.316.1'
[2024-05-26 19:14:21Z INFO HostContext] Well known config file 'Credentials': 'C:\Users\Lazar\Documents\Naloga02\actions-runner\actions-runner-win-x64-2.316.1\.credentials'
[2024-05-26 19:14:21Z INFO HostContext] Well known directory 'Bin': 'C:\Users\Lazar\Documents\Naloga02\actions-runner\actions-runner-win-x64-2.316.1\bin'
[2024-05-26 19:14:21Z INFO HostContext] Well known directory 'Root': 'C:\Users\Lazar\Documents\Naloga02\actions-runner\actions-runner-win-x64-2.316.1'
[2024-05-26 19:14:21Z INFO HostContext] Well known config file 'Runner': 'C:\Users\Lazar\Documents\Naloga02\actions-runner\actions-runner-win-x64-2.316.1\.runner'
[2024-05-26 19:14:21Z INFO Listener] Runner is built for Windows (X64) - win-x64.
[2024-05-26 19:14:21Z INFO Listener] RuntimeInformation: Microsoft Windows 10.0.19045.
[2024-05-26 19:14:21Z INFO Listener] Version: 2.316.1
[2024-05-26 19:14:21Z INFO Listener] Commit: 9ac138d10eac15c71493f004f1b1bc919ead40de
[2024-05-26 19:14:21Z INFO Listener] Culture: en-US
[2024-05-26 19:14:21Z INFO Listener] UI Culture: en-US
[2024-05-26 19:14:21Z INFO HostContext] Well known directory 'Bin': 'C:\Users\Lazar\Documents\Naloga02\actions-runner\actions-runner-win-x64-2.316.1\bin'
[2024-05-26 19:14:21Z INFO HostContext] Well known directory 'Root': 'C:\Users\Lazar\Documents\Naloga02\actions-runner\actions-runner-win-x64-2.316.1'
[2024-05-26 19:14:21Z INFO Listener] Validating directory permissions for: 'C:\Users\Lazar\Documents\Naloga02\actions-runner\actions-runner-win-x64-2.316.1'
[2024-05-26 19:14:21Z INFO CommandLineParser] Parse
[2024-05-26 19:14:21Z INFO CommandLineParser] Parsing 1 args
[2024-05-26 19:14:21Z INFO CommandLineParser] parsing argument
[2024-05-26 19:14:21Z INFO CommandLineParser] HasArgs: False
[2024-05-26 19:14:21Z INFO CommandLineParser] Adding Command: run
[2024-05-26 19:14:21Z INFO Listener] Arguments parsed
[2024-05-26 19:14:21Z INFO Runner] ExecuteCommand
[2024-05-26 19:14:21Z INFO ConfigurationStore] currentAssemblyLocation: C:\Users\Lazar\Documents\Naloga02\actions-runner\actions-runner-win-x64-2.316.1\bin\Runner.Listener.dll
[2024-05-26 19:14:21Z INFO HostContext] Well known directory 'Bin': 'C:\Users\Lazar\Documents\Naloga02\actions-runner\actions-runner-win-x64-2.316.1\bin'
[2024-05-26 19:14:21Z INFO ConfigurationStore] binPath: C:\Users\Lazar\Documents\Naloga02\actions-runner\actions-runner-win-x64-2.316.1\bin
[2024-05-26 19:14:21Z INFO HostContext] Well known directory 'Bin': 'C:\Users\Lazar\Documents\Naloga02\actions-runner\actions-runner-win-x64-2.316.1\bin'
[2024-05-26 19:14:21Z INFO HostContext] Well known directory 'Root': 'C:\Users\Lazar\Documents\Naloga02\actions-runner\actions-runner-win-x64-2.316.1'
[2024-05-26 19:14:21Z INFO ConfigurationStore] RootFolder: C:\Users\Lazar\Documents\Naloga02\actions-runner\actions-runner-win-x64-2.316.1
[2024-05-26 19:14:21Z INFO HostContext] Well known directory 'Bin': 'C:\Users\Lazar\Documents\Naloga02\actions-runner\actions-runner-win-x64-2.316.1\bin'
[2024-05-26 19:14:21Z INFO HostContext] Well known directory 'Root': 'C:\Users\Lazar\Documents\Naloga02\actions-runner\actions-runner-win-x64-2.316.1'
[2024-05-26 19:14:21Z INFO HostContext] Well known config file 'Runner': 'C:\Users\Lazar\Documents\Naloga02\actions-runner\actions-runner-win-x64-2.316.1\.runner'
[2024-05-26 19:14:21Z INFO ConfigurationStore] ConfigFilePath: C:\Users\Lazar\Documents\Naloga02\actions-runner\actions-runner-win-x64-2.316.1\.runner
[2024-05-26 19:14:21Z INFO HostContext] Well known directory 'Bin': 'C:\Users\Lazar\Documents\Naloga02\actions-runner\actions-runner-win-x64-2.316.1\bin'
[2024-05-26 19:14:21Z INFO HostContext] Well known directory 'Root': 'C:\Users\Lazar\Documents\Naloga02\actions-runner\actions-runner-win-x64-2.316.1'
[2024-05-26 19:14:21Z INFO HostContext] Well known config file 'Credentials': 'C:\Users\Lazar\Documents\Naloga02\actions-runner\actions-runner-win-x64-2.316.1\.credentials'
[2024-05-26 19:14:21Z INFO ConfigurationStore] CredFilePath: C:\Users\Lazar\Documents\Naloga02\actions-runner\actions-runner-win-x64-2.316.1\.credentials
[2024-05-26 19:14:21Z INFO HostContext] Well known directory 'Bin': 'C:\Users\Lazar\Documents\Naloga02\actions-runner\actions-runner-win-x64-2.316.1\bin'
[2024-05-26 19:14:21Z INFO HostContext] Well known directory 'Root': 'C:\Users\Lazar\Documents\Naloga02\actions-runner\actions-runner-win-x64-2.316.1'
[2024-05-26 19:14:21Z INFO HostContext] Well known config file 'MigratedCredentials': 'C:\Users\Lazar\Documents\Naloga02\actions-runner\actions-runner-win-x64-2.316.1\.credentials_migrated'
[2024-05-26 19:14:21Z INFO ConfigurationStore] MigratedCredFilePath: C:\Users\Lazar\Documents\Naloga02\actions-runner\actions-runner-win-x64-2.316.1\.credentials_migrated
[2024-05-26 19:14:21Z INFO HostContext] Well known directory 'Bin': 'C:\Users\Lazar\Documents\Naloga02\actions-runner\actions-runner-win-x64-2.316.1\bin'
[2024-05-26 19:14:21Z INFO HostContext] Well known directory 'Root': 'C:\Users\Lazar\Documents\Naloga02\actions-runner\actions-runner-win-x64-2.316.1'
[2024-05-26 19:14:21Z INFO HostContext] Well known config file 'Service': 'C:\Users\Lazar\Documents\Naloga02\actions-runner\actions-runner-win-x64-2.316.1\.service'
[2024-05-26 19:14:21Z INFO ConfigurationStore] ServiceConfigFilePath: C:\Users\Lazar\Documents\Naloga02\actions-runner\actions-runner-win-x64-2.316.1\.service
[2024-05-26 19:14:21Z INFO CommandSettings] Flag 'help': 'False'
[2024-05-26 19:14:21Z INFO CommandSettings] Flag 'version': 'False'
[2024-05-26 19:14:21Z INFO CommandSettings] Flag 'commit': 'False'
[2024-05-26 19:14:21Z INFO CommandSettings] Flag 'check': 'False'
[2024-05-26 19:14:21Z INFO CommandSettings] Command 'configure': 'False'
[2024-05-26 19:14:21Z INFO CommandSettings] Command 'remove': 'False'
[2024-05-26 19:14:21Z INFO CommandSettings] Command 'warmup': 'False'
[2024-05-26 19:14:21Z INFO ConfigurationManager] LoadSettings
[2024-05-26 19:14:21Z INFO ConfigurationStore] IsConfigured()
[2024-05-26 19:14:21Z INFO ConfigurationStore] IsConfigured: True
[2024-05-26 19:14:21Z INFO ConfigurationManager] Is configured: True
[2024-05-26 19:14:21Z INFO ConfigurationStore] Read setting file: 315 chars
[2024-05-26 19:14:21Z INFO ConfigurationManager] Settings Loaded
[2024-05-26 19:14:21Z INFO ConfigurationStore] IsServiceConfigured()
[2024-05-26 19:14:21Z INFO ConfigurationStore] IsServiceConfigured: False
[2024-05-26 19:14:21Z INFO CommandSettings] Command 'run': 'True'
[2024-05-26 19:14:21Z INFO ConfigurationStore] IsConfigured()
[2024-05-26 19:14:21Z INFO ConfigurationStore] IsConfigured: True
[2024-05-26 19:14:21Z INFO ConfigurationManager] Is configured: True
[2024-05-26 19:14:21Z INFO Runner] Could not parse the argument value '' for StartupType. Defaulting to Manual
[2024-05-26 19:14:21Z INFO Runner] Set runner startup type - Manual
[2024-05-26 19:14:21Z INFO CommandSettings] Flag 'once': 'False'
[2024-05-26 19:14:21Z INFO CommandSettings] Flag 'once': 'False'
[2024-05-26 19:14:21Z INFO Runner] RunAsync
[2024-05-26 19:14:21Z INFO ConfigurationManager] LoadSettings
[2024-05-26 19:14:21Z INFO ConfigurationStore] IsConfigured()
[2024-05-26 19:14:21Z INFO ConfigurationStore] IsConfigured: True
[2024-05-26 19:14:21Z INFO ConfigurationManager] Is configured: True
[2024-05-26 19:14:21Z INFO ConfigurationManager] Settings Loaded
[2024-05-26 19:14:21Z INFO MessageListener] {
  "AgentId": 21,
  "AgentName": "DESKTOP-8Q64MPE",
  "PoolId": 1,
  "PoolName": "Default",
  "ServerUrl": "https://pipelinesghubeus5.actions.githubusercontent.com/6ChMJZHkcolBhkQUAqT38oPLcHejAEdjLNciU0ZQ8IYkh6lDwy/",
  "GitHubUrl": "https://github.com/Lazar2201/Preizkusanje_09",
  "WorkFolder": "_work"
}
[2024-05-26 19:14:21Z INFO MessageListener] Loading Credentials
[2024-05-26 19:14:21Z INFO ConfigurationStore] HasCredentials()
[2024-05-26 19:14:21Z INFO ConfigurationStore] stored True
[2024-05-26 19:14:21Z INFO CredentialManager] GetCredentialProvider
[2024-05-26 19:14:21Z INFO CredentialManager] Creating type OAuth
[2024-05-26 19:14:21Z INFO CredentialManager] Creating credential type: OAuth
[2024-05-26 19:14:21Z INFO HostContext] Well known directory 'Bin': 'C:\Users\Lazar\Documents\Naloga02\actions-runner\actions-runner-win-x64-2.316.1\bin'
[2024-05-26 19:14:21Z INFO HostContext] Well known directory 'Root': 'C:\Users\Lazar\Documents\Naloga02\actions-runner\actions-runner-win-x64-2.316.1'
[2024-05-26 19:14:21Z INFO HostContext] Well known config file 'RSACredentials': 'C:\Users\Lazar\Documents\Naloga02\actions-runner\actions-runner-win-x64-2.316.1\.credentials_rsaparams'
[2024-05-26 19:14:21Z INFO RSAEncryptedFileKeyManager] Loading RSA key parameters from file C:\Users\Lazar\Documents\Naloga02\actions-runner\actions-runner-win-x64-2.316.1\.credentials_rsaparams
[2024-05-26 19:14:21Z INFO MessageListener] Attempt to create session.
[2024-05-26 19:14:21Z INFO MessageListener] Connecting to the Runner Server...
[2024-05-26 19:14:21Z INFO RunnerServer] EstablishVssConnection
[2024-05-26 19:14:21Z INFO RunnerServer] Establish connection with 100 seconds timeout.
[2024-05-26 19:14:21Z INFO GitHubActionsService] Starting operation Location.GetConnectionData
[2024-05-26 19:14:21Z INFO RunnerServer] EstablishVssConnection
[2024-05-26 19:14:21Z INFO RunnerServer] Establish connection with 60 seconds timeout.
[2024-05-26 19:14:21Z INFO GitHubActionsService] Starting operation Location.GetConnectionData
[2024-05-26 19:14:21Z INFO RunnerServer] EstablishVssConnection
[2024-05-26 19:14:21Z INFO RunnerServer] Establish connection with 60 seconds timeout.
[2024-05-26 19:14:21Z INFO GitHubActionsService] Starting operation Location.GetConnectionData
[2024-05-26 19:14:22Z INFO GitHubActionsService] Finished operation Location.GetConnectionData
[2024-05-26 19:14:22Z INFO GitHubActionsService] Finished operation Location.GetConnectionData
[2024-05-26 19:14:22Z INFO GitHubActionsService] Finished operation Location.GetConnectionData
[2024-05-26 19:14:23Z INFO MessageListener] VssConnection created
[2024-05-26 19:14:23Z INFO Terminal] WRITE LINE: 
[2024-05-26 19:14:23Z INFO Terminal] WRITE LINE: 
[2024-05-26 19:14:23Z INFO RSAEncryptedFileKeyManager] Loading RSA key parameters from file C:\Users\Lazar\Documents\Naloga02\actions-runner\actions-runner-win-x64-2.316.1\.credentials_rsaparams
[2024-05-26 19:14:23Z INFO RSAEncryptedFileKeyManager] Loading RSA key parameters from file C:\Users\Lazar\Documents\Naloga02\actions-runner\actions-runner-win-x64-2.316.1\.credentials_rsaparams
[2024-05-26 19:14:23Z INFO GitHubActionsService] AAD Correlation ID for this token request: Unknown
[2024-05-26 19:14:23Z ERR  GitHubActionsService] POST request to https://pipelinesghubeus5.actions.githubusercontent.com/6ChMJZHkcolBhkQUAqT38oPLcHejAEdjLNciU0ZQ8IYkh6lDwy/_apis/distributedtask/pools/1/sessions failed. HTTP Status: Conflict
[2024-05-26 19:14:24Z ERR  MessageListener] Catch exception during create session.
[2024-05-26 19:14:24Z ERR  MessageListener] GitHub.DistributedTask.WebApi.TaskAgentSessionConflictException: The actions runner DESKTOP-8Q64MPE already has an active session for owner DESKTOP-8Q64MPE.
   at GitHub.Services.WebApi.VssHttpClientBase.HandleResponseAsync(HttpResponseMessage response, CancellationToken cancellationToken)
   at GitHub.Services.WebApi.VssHttpClientBase.SendAsync(HttpRequestMessage message, HttpCompletionOption completionOption, Object userState, CancellationToken cancellationToken)
   at GitHub.Services.WebApi.VssHttpClientBase.SendAsync[T](HttpRequestMessage message, Object userState, CancellationToken cancellationToken)
   at GitHub.Services.WebApi.VssHttpClientBase.SendAsync[T](HttpMethod method, IEnumerable`1 additionalHeaders, Guid locationId, Object routeValues, ApiResourceVersion version, HttpContent content, IEnumerable`1 queryParameters, Object userState, CancellationToken cancellationToken)
   at GitHub.Runner.Listener.MessageListener.CreateSessionAsync(CancellationToken token)
[2024-05-26 19:14:24Z INFO MessageListener] The session for this runner already exists.
[2024-05-26 19:14:24Z ERR  Terminal] WRITE ERROR: A session for this runner already exists.
[2024-05-26 19:14:24Z INFO MessageListener] The session conflict exception haven't reached retry limit.
[2024-05-26 19:14:24Z ERR  Terminal] WRITE ERROR: 2024-05-26 19:14:24Z: Runner connect error: The actions runner DESKTOP-8Q64MPE already has an active session for owner DESKTOP-8Q64MPE.. Retrying until reconnected.
[2024-05-26 19:14:24Z INFO MessageListener] Sleeping for 30 seconds before retrying.
[2024-05-26 19:14:54Z INFO MessageListener] Attempt to create session.
[2024-05-26 19:14:54Z INFO MessageListener] Connecting to the Runner Server...
[2024-05-26 19:14:54Z INFO RunnerServer] EstablishVssConnection
[2024-05-26 19:14:54Z INFO RunnerServer] Establish connection with 100 seconds timeout.
[2024-05-26 19:14:54Z INFO GitHubActionsService] Starting operation Location.GetConnectionData
[2024-05-26 19:14:54Z INFO RunnerServer] EstablishVssConnection
[2024-05-26 19:14:54Z INFO RunnerServer] Establish connection with 60 seconds timeout.
[2024-05-26 19:14:54Z INFO GitHubActionsService] Starting operation Location.GetConnectionData
[2024-05-26 19:14:54Z INFO RunnerServer] EstablishVssConnection
[2024-05-26 19:14:54Z INFO RunnerServer] Establish connection with 60 seconds timeout.
[2024-05-26 19:14:54Z INFO GitHubActionsService] Starting operation Location.GetConnectionData
[2024-05-26 19:14:54Z INFO GitHubActionsService] Finished operation Location.GetConnectionData
[2024-05-26 19:14:54Z INFO GitHubActionsService] Finished operation Location.GetConnectionData
[2024-05-26 19:14:54Z INFO GitHubActionsService] Finished operation Location.GetConnectionData
[2024-05-26 19:14:54Z INFO MessageListener] VssConnection created
[2024-05-26 19:14:54Z INFO Terminal] WRITE LINE: 
[2024-05-26 19:14:54Z INFO Terminal] WRITE LINE: 
[2024-05-26 19:14:54Z ERR  GitHubActionsService] POST request to https://pipelinesghubeus5.actions.githubusercontent.com/6ChMJZHkcolBhkQUAqT38oPLcHejAEdjLNciU0ZQ8IYkh6lDwy/_apis/distributedtask/pools/1/sessions failed. HTTP Status: Conflict
[2024-05-26 19:14:54Z ERR  MessageListener] Catch exception during create session.
[2024-05-26 19:14:54Z ERR  MessageListener] GitHub.DistributedTask.WebApi.TaskAgentSessionConflictException: The actions runner DESKTOP-8Q64MPE already has an active session for owner DESKTOP-8Q64MPE.
   at GitHub.Services.WebApi.VssHttpClientBase.HandleResponseAsync(HttpResponseMessage response, CancellationToken cancellationToken)
   at GitHub.Services.WebApi.VssHttpClientBase.SendAsync(HttpRequestMessage message, HttpCompletionOption completionOption, Object userState, CancellationToken cancellationToken)
   at GitHub.Services.WebApi.VssHttpClientBase.SendAsync[T](HttpRequestMessage message, Object userState, CancellationToken cancellationToken)
   at GitHub.Services.WebApi.VssHttpClientBase.SendAsync[T](HttpMethod method, IEnumerable`1 additionalHeaders, Guid locationId, Object routeValues, ApiResourceVersion version, HttpContent content, IEnumerable`1 queryParameters, Object userState, CancellationToken cancellationToken)
   at GitHub.Runner.Listener.MessageListener.CreateSessionAsync(CancellationToken token)
[2024-05-26 19:14:54Z INFO MessageListener] The session for this runner already exists.
[2024-05-26 19:14:54Z ERR  Terminal] WRITE ERROR: A session for this runner already exists.
[2024-05-26 19:14:54Z INFO MessageListener] The session conflict exception haven't reached retry limit.
[2024-05-26 19:14:54Z INFO MessageListener] Sleeping for 30 seconds before retrying.
[2024-05-26 19:15:24Z INFO MessageListener] Attempt to create session.
[2024-05-26 19:15:24Z INFO MessageListener] Connecting to the Runner Server...
[2024-05-26 19:15:24Z INFO RunnerServer] EstablishVssConnection
[2024-05-26 19:15:24Z INFO RunnerServer] Establish connection with 100 seconds timeout.
[2024-05-26 19:15:24Z INFO GitHubActionsService] Starting operation Location.GetConnectionData
[2024-05-26 19:15:24Z INFO RunnerServer] EstablishVssConnection
[2024-05-26 19:15:24Z INFO RunnerServer] Establish connection with 60 seconds timeout.
[2024-05-26 19:15:24Z INFO GitHubActionsService] Starting operation Location.GetConnectionData
[2024-05-26 19:15:24Z INFO RunnerServer] EstablishVssConnection
[2024-05-26 19:15:24Z INFO RunnerServer] Establish connection with 60 seconds timeout.
[2024-05-26 19:15:24Z INFO GitHubActionsService] Starting operation Location.GetConnectionData
[2024-05-26 19:15:25Z INFO GitHubActionsService] Finished operation Location.GetConnectionData
[2024-05-26 19:15:25Z INFO GitHubActionsService] Finished operation Location.GetConnectionData
[2024-05-26 19:15:25Z INFO GitHubActionsService] Finished operation Location.GetConnectionData
[2024-05-26 19:15:25Z INFO MessageListener] VssConnection created
[2024-05-26 19:15:25Z INFO Terminal] WRITE LINE: 
[2024-05-26 19:15:25Z INFO Terminal] WRITE LINE: 
[2024-05-26 19:15:25Z ERR  GitHubActionsService] POST request to https://pipelinesghubeus5.actions.githubusercontent.com/6ChMJZHkcolBhkQUAqT38oPLcHejAEdjLNciU0ZQ8IYkh6lDwy/_apis/distributedtask/pools/1/sessions failed. HTTP Status: Conflict
[2024-05-26 19:15:25Z ERR  MessageListener] Catch exception during create session.
[2024-05-26 19:15:25Z ERR  MessageListener] GitHub.DistributedTask.WebApi.TaskAgentSessionConflictException: The actions runner DESKTOP-8Q64MPE already has an active session for owner DESKTOP-8Q64MPE.
   at GitHub.Services.WebApi.VssHttpClientBase.HandleResponseAsync(HttpResponseMessage response, CancellationToken cancellationToken)
   at GitHub.Services.WebApi.VssHttpClientBase.SendAsync(HttpRequestMessage message, HttpCompletionOption completionOption, Object userState, CancellationToken cancellationToken)
   at GitHub.Services.WebApi.VssHttpClientBase.SendAsync[T](HttpRequestMessage message, Object userState, CancellationToken cancellationToken)
   at GitHub.Services.WebApi.VssHttpClientBase.SendAsync[T](HttpMethod method, IEnumerable`1 additionalHeaders, Guid locationId, Object routeValues, ApiResourceVersion version, HttpContent content, IEnumerable`1 queryParameters, Object userState, CancellationToken cancellationToken)
   at GitHub.Runner.Listener.MessageListener.CreateSessionAsync(CancellationToken token)
[2024-05-26 19:15:25Z INFO MessageListener] The session for this runner already exists.
[2024-05-26 19:15:25Z ERR  Terminal] WRITE ERROR: A session for this runner already exists.
[2024-05-26 19:15:25Z INFO MessageListener] The session conflict exception haven't reached retry limit.
[2024-05-26 19:15:25Z INFO MessageListener] Sleeping for 30 seconds before retrying.
[2024-05-26 19:15:55Z INFO MessageListener] Attempt to create session.
[2024-05-26 19:15:55Z INFO MessageListener] Connecting to the Runner Server...
[2024-05-26 19:15:55Z INFO RunnerServer] EstablishVssConnection
[2024-05-26 19:15:55Z INFO RunnerServer] Establish connection with 100 seconds timeout.
[2024-05-26 19:15:55Z INFO GitHubActionsService] Starting operation Location.GetConnectionData
[2024-05-26 19:15:55Z INFO RunnerServer] EstablishVssConnection
[2024-05-26 19:15:55Z INFO RunnerServer] Establish connection with 60 seconds timeout.
[2024-05-26 19:15:55Z INFO GitHubActionsService] Starting operation Location.GetConnectionData
[2024-05-26 19:15:55Z INFO RunnerServer] EstablishVssConnection
[2024-05-26 19:15:55Z INFO RunnerServer] Establish connection with 60 seconds timeout.
[2024-05-26 19:15:55Z INFO GitHubActionsService] Starting operation Location.GetConnectionData
[2024-05-26 19:15:55Z INFO GitHubActionsService] Finished operation Location.GetConnectionData
[2024-05-26 19:15:55Z INFO GitHubActionsService] Finished operation Location.GetConnectionData
[2024-05-26 19:15:55Z INFO GitHubActionsService] Finished operation Location.GetConnectionData
[2024-05-26 19:15:55Z INFO MessageListener] VssConnection created
[2024-05-26 19:15:55Z INFO Terminal] WRITE LINE: 
[2024-05-26 19:15:55Z INFO Terminal] WRITE LINE: 
[2024-05-26 19:15:56Z ERR  GitHubActionsService] POST request to https://pipelinesghubeus5.actions.githubusercontent.com/6ChMJZHkcolBhkQUAqT38oPLcHejAEdjLNciU0ZQ8IYkh6lDwy/_apis/distributedtask/pools/1/sessions failed. HTTP Status: Conflict
[2024-05-26 19:15:56Z ERR  MessageListener] Catch exception during create session.
[2024-05-26 19:15:56Z ERR  MessageListener] GitHub.DistributedTask.WebApi.TaskAgentSessionConflictException: The actions runner DESKTOP-8Q64MPE already has an active session for owner DESKTOP-8Q64MPE.
   at GitHub.Services.WebApi.VssHttpClientBase.HandleResponseAsync(HttpResponseMessage response, CancellationToken cancellationToken)
   at GitHub.Services.WebApi.VssHttpClientBase.SendAsync(HttpRequestMessage message, HttpCompletionOption completionOption, Object userState, CancellationToken cancellationToken)
   at GitHub.Services.WebApi.VssHttpClientBase.SendAsync[T](HttpRequestMessage message, Object userState, CancellationToken cancellationToken)
   at GitHub.Services.WebApi.VssHttpClientBase.SendAsync[T](HttpMethod method, IEnumerable`1 additionalHeaders, Guid locationId, Object routeValues, ApiResourceVersion version, HttpContent content, IEnumerable`1 queryParameters, Object userState, CancellationToken cancellationToken)
   at GitHub.Runner.Listener.MessageListener.CreateSessionAsync(CancellationToken token)
[2024-05-26 19:15:56Z INFO MessageListener] The session for this runner already exists.
[2024-05-26 19:15:56Z ERR  Terminal] WRITE ERROR: A session for this runner already exists.
[2024-05-26 19:15:56Z INFO MessageListener] The session conflict exception haven't reached retry limit.
[2024-05-26 19:15:56Z INFO MessageListener] Sleeping for 30 seconds before retrying.
[2024-05-26 19:16:26Z INFO MessageListener] Attempt to create session.
[2024-05-26 19:16:26Z INFO MessageListener] Connecting to the Runner Server...
[2024-05-26 19:16:26Z INFO RunnerServer] EstablishVssConnection
[2024-05-26 19:16:26Z INFO RunnerServer] Establish connection with 100 seconds timeout.
[2024-05-26 19:16:26Z INFO GitHubActionsService] Starting operation Location.GetConnectionData
[2024-05-26 19:16:26Z INFO RunnerServer] EstablishVssConnection
[2024-05-26 19:16:26Z INFO RunnerServer] Establish connection with 60 seconds timeout.
[2024-05-26 19:16:26Z INFO GitHubActionsService] Starting operation Location.GetConnectionData
[2024-05-26 19:16:26Z INFO RunnerServer] EstablishVssConnection
[2024-05-26 19:16:26Z INFO RunnerServer] Establish connection with 60 seconds timeout.
[2024-05-26 19:16:26Z INFO GitHubActionsService] Starting operation Location.GetConnectionData
[2024-05-26 19:16:26Z INFO GitHubActionsService] Finished operation Location.GetConnectionData
[2024-05-26 19:16:26Z INFO GitHubActionsService] Finished operation Location.GetConnectionData
[2024-05-26 19:16:26Z INFO GitHubActionsService] Finished operation Location.GetConnectionData
[2024-05-26 19:16:26Z INFO MessageListener] VssConnection created
[2024-05-26 19:16:26Z INFO Terminal] WRITE LINE: 
[2024-05-26 19:16:26Z INFO Terminal] WRITE LINE: 
[2024-05-26 19:16:26Z ERR  GitHubActionsService] POST request to https://pipelinesghubeus5.actions.githubusercontent.com/6ChMJZHkcolBhkQUAqT38oPLcHejAEdjLNciU0ZQ8IYkh6lDwy/_apis/distributedtask/pools/1/sessions failed. HTTP Status: Conflict
[2024-05-26 19:16:26Z ERR  MessageListener] Catch exception during create session.
[2024-05-26 19:16:26Z ERR  MessageListener] GitHub.DistributedTask.WebApi.TaskAgentSessionConflictException: The actions runner DESKTOP-8Q64MPE already has an active session for owner DESKTOP-8Q64MPE.
   at GitHub.Services.WebApi.VssHttpClientBase.HandleResponseAsync(HttpResponseMessage response, CancellationToken cancellationToken)
   at GitHub.Services.WebApi.VssHttpClientBase.SendAsync(HttpRequestMessage message, HttpCompletionOption completionOption, Object userState, CancellationToken cancellationToken)
   at GitHub.Services.WebApi.VssHttpClientBase.SendAsync[T](HttpRequestMessage message, Object userState, CancellationToken cancellationToken)
   at GitHub.Services.WebApi.VssHttpClientBase.SendAsync[T](HttpMethod method, IEnumerable`1 additionalHeaders, Guid locationId, Object routeValues, ApiResourceVersion version, HttpContent content, IEnumerable`1 queryParameters, Object userState, CancellationToken cancellationToken)
   at GitHub.Runner.Listener.MessageListener.CreateSessionAsync(CancellationToken token)
[2024-05-26 19:16:26Z INFO MessageListener] The session for this runner already exists.
[2024-05-26 19:16:26Z ERR  Terminal] WRITE ERROR: A session for this runner already exists.
[2024-05-26 19:16:26Z INFO MessageListener] The session conflict exception haven't reached retry limit.
[2024-05-26 19:16:26Z INFO MessageListener] Sleeping for 30 seconds before retrying.
[2024-05-26 19:16:56Z INFO MessageListener] Attempt to create session.
[2024-05-26 19:16:56Z INFO MessageListener] Connecting to the Runner Server...
[2024-05-26 19:16:56Z INFO RunnerServer] EstablishVssConnection
[2024-05-26 19:16:56Z INFO RunnerServer] Establish connection with 100 seconds timeout.
[2024-05-26 19:16:56Z INFO GitHubActionsService] Starting operation Location.GetConnectionData
[2024-05-26 19:16:56Z INFO RunnerServer] EstablishVssConnection
[2024-05-26 19:16:56Z INFO RunnerServer] Establish connection with 60 seconds timeout.
[2024-05-26 19:16:56Z INFO GitHubActionsService] Starting operation Location.GetConnectionData
[2024-05-26 19:16:56Z INFO RunnerServer] EstablishVssConnection
[2024-05-26 19:16:56Z INFO RunnerServer] Establish connection with 60 seconds timeout.
[2024-05-26 19:16:56Z INFO GitHubActionsService] Starting operation Location.GetConnectionData
[2024-05-26 19:16:57Z INFO GitHubActionsService] Finished operation Location.GetConnectionData
[2024-05-26 19:16:57Z INFO GitHubActionsService] Finished operation Location.GetConnectionData
[2024-05-26 19:16:57Z INFO GitHubActionsService] Finished operation Location.GetConnectionData
[2024-05-26 19:16:57Z INFO MessageListener] VssConnection created
[2024-05-26 19:16:57Z INFO Terminal] WRITE LINE: 
[2024-05-26 19:16:57Z INFO Terminal] WRITE LINE: 
[2024-05-26 19:16:57Z ERR  GitHubActionsService] POST request to https://pipelinesghubeus5.actions.githubusercontent.com/6ChMJZHkcolBhkQUAqT38oPLcHejAEdjLNciU0ZQ8IYkh6lDwy/_apis/distributedtask/pools/1/sessions failed. HTTP Status: Conflict
[2024-05-26 19:16:57Z ERR  MessageListener] Catch exception during create session.
[2024-05-26 19:16:57Z ERR  MessageListener] GitHub.DistributedTask.WebApi.TaskAgentSessionConflictException: The actions runner DESKTOP-8Q64MPE already has an active session for owner DESKTOP-8Q64MPE.
   at GitHub.Services.WebApi.VssHttpClientBase.HandleResponseAsync(HttpResponseMessage response, CancellationToken cancellationToken)
   at GitHub.Services.WebApi.VssHttpClientBase.SendAsync(HttpRequestMessage message, HttpCompletionOption completionOption, Object userState, CancellationToken cancellationToken)
   at GitHub.Services.WebApi.VssHttpClientBase.SendAsync[T](HttpRequestMessage message, Object userState, CancellationToken cancellationToken)
   at GitHub.Services.WebApi.VssHttpClientBase.SendAsync[T](HttpMethod method, IEnumerable`1 additionalHeaders, Guid locationId, Object routeValues, ApiResourceVersion version, HttpContent content, IEnumerable`1 queryParameters, Object userState, CancellationToken cancellationToken)
   at GitHub.Runner.Listener.MessageListener.CreateSessionAsync(CancellationToken token)
[2024-05-26 19:16:57Z INFO MessageListener] The session for this runner already exists.
[2024-05-26 19:16:57Z ERR  Terminal] WRITE ERROR: A session for this runner already exists.
[2024-05-26 19:16:57Z INFO MessageListener] The session conflict exception haven't reached retry limit.
[2024-05-26 19:16:57Z INFO MessageListener] Sleeping for 30 seconds before retrying.
[2024-05-26 19:17:27Z INFO MessageListener] Attempt to create session.
[2024-05-26 19:17:27Z INFO MessageListener] Connecting to the Runner Server...
[2024-05-26 19:17:27Z INFO RunnerServer] EstablishVssConnection
[2024-05-26 19:17:27Z INFO RunnerServer] Establish connection with 100 seconds timeout.
[2024-05-26 19:17:27Z INFO GitHubActionsService] Starting operation Location.GetConnectionData
[2024-05-26 19:17:27Z INFO RunnerServer] EstablishVssConnection
[2024-05-26 19:17:27Z INFO RunnerServer] Establish connection with 60 seconds timeout.
[2024-05-26 19:17:27Z INFO GitHubActionsService] Starting operation Location.GetConnectionData
[2024-05-26 19:17:27Z INFO RunnerServer] EstablishVssConnection
[2024-05-26 19:17:27Z INFO RunnerServer] Establish connection with 60 seconds timeout.
[2024-05-26 19:17:27Z INFO GitHubActionsService] Starting operation Location.GetConnectionData
[2024-05-26 19:17:27Z INFO GitHubActionsService] Finished operation Location.GetConnectionData
[2024-05-26 19:17:27Z INFO GitHubActionsService] Finished operation Location.GetConnectionData
[2024-05-26 19:17:28Z INFO GitHubActionsService] Finished operation Location.GetConnectionData
[2024-05-26 19:17:28Z INFO MessageListener] VssConnection created
[2024-05-26 19:17:28Z INFO Terminal] WRITE LINE: 
[2024-05-26 19:17:28Z INFO Terminal] WRITE LINE: 
[2024-05-26 19:17:28Z ERR  GitHubActionsService] POST request to https://pipelinesghubeus5.actions.githubusercontent.com/6ChMJZHkcolBhkQUAqT38oPLcHejAEdjLNciU0ZQ8IYkh6lDwy/_apis/distributedtask/pools/1/sessions failed. HTTP Status: Conflict
[2024-05-26 19:17:28Z ERR  MessageListener] Catch exception during create session.
[2024-05-26 19:17:28Z ERR  MessageListener] GitHub.DistributedTask.WebApi.TaskAgentSessionConflictException: The actions runner DESKTOP-8Q64MPE already has an active session for owner DESKTOP-8Q64MPE.
   at GitHub.Services.WebApi.VssHttpClientBase.HandleResponseAsync(HttpResponseMessage response, CancellationToken cancellationToken)
   at GitHub.Services.WebApi.VssHttpClientBase.SendAsync(HttpRequestMessage message, HttpCompletionOption completionOption, Object userState, CancellationToken cancellationToken)
   at GitHub.Services.WebApi.VssHttpClientBase.SendAsync[T](HttpRequestMessage message, Object userState, CancellationToken cancellationToken)
   at GitHub.Services.WebApi.VssHttpClientBase.SendAsync[T](HttpMethod method, IEnumerable`1 additionalHeaders, Guid locationId, Object routeValues, ApiResourceVersion version, HttpContent content, IEnumerable`1 queryParameters, Object userState, CancellationToken cancellationToken)
   at GitHub.Runner.Listener.MessageListener.CreateSessionAsync(CancellationToken token)
[2024-05-26 19:17:28Z INFO MessageListener] The session for this runner already exists.
[2024-05-26 19:17:28Z ERR  Terminal] WRITE ERROR: A session for this runner already exists.
[2024-05-26 19:17:28Z INFO MessageListener] The session conflict exception haven't reached retry limit.
[2024-05-26 19:17:28Z INFO MessageListener] Sleeping for 30 seconds before retrying.
[2024-05-26 19:17:58Z INFO MessageListener] Attempt to create session.
[2024-05-26 19:17:58Z INFO MessageListener] Connecting to the Runner Server...
[2024-05-26 19:17:58Z INFO RunnerServer] EstablishVssConnection
[2024-05-26 19:17:58Z INFO RunnerServer] Establish connection with 100 seconds timeout.
[2024-05-26 19:17:58Z INFO GitHubActionsService] Starting operation Location.GetConnectionData
[2024-05-26 19:17:58Z INFO RunnerServer] EstablishVssConnection
[2024-05-26 19:17:58Z INFO RunnerServer] Establish connection with 60 seconds timeout.
[2024-05-26 19:17:58Z INFO GitHubActionsService] Starting operation Location.GetConnectionData
[2024-05-26 19:17:58Z INFO RunnerServer] EstablishVssConnection
[2024-05-26 19:17:58Z INFO RunnerServer] Establish connection with 60 seconds timeout.
[2024-05-26 19:17:58Z INFO GitHubActionsService] Starting operation Location.GetConnectionData
[2024-05-26 19:17:58Z INFO GitHubActionsService] Finished operation Location.GetConnectionData
[2024-05-26 19:17:58Z INFO GitHubActionsService] Finished operation Location.GetConnectionData
[2024-05-26 19:17:58Z INFO GitHubActionsService] Finished operation Location.GetConnectionData
[2024-05-26 19:17:58Z INFO MessageListener] VssConnection created
[2024-05-26 19:17:58Z INFO Terminal] WRITE LINE: 
[2024-05-26 19:17:58Z INFO Terminal] WRITE LINE: 
[2024-05-26 19:17:59Z ERR  GitHubActionsService] POST request to https://pipelinesghubeus5.actions.githubusercontent.com/6ChMJZHkcolBhkQUAqT38oPLcHejAEdjLNciU0ZQ8IYkh6lDwy/_apis/distributedtask/pools/1/sessions failed. HTTP Status: Conflict
[2024-05-26 19:17:59Z ERR  MessageListener] Catch exception during create session.
[2024-05-26 19:17:59Z ERR  MessageListener] GitHub.DistributedTask.WebApi.TaskAgentSessionConflictException: The actions runner DESKTOP-8Q64MPE already has an active session for owner DESKTOP-8Q64MPE.
   at GitHub.Services.WebApi.VssHttpClientBase.HandleResponseAsync(HttpResponseMessage response, CancellationToken cancellationToken)
   at GitHub.Services.WebApi.VssHttpClientBase.SendAsync(HttpRequestMessage message, HttpCompletionOption completionOption, Object userState, CancellationToken cancellationToken)
   at GitHub.Services.WebApi.VssHttpClientBase.SendAsync[T](HttpRequestMessage message, Object userState, CancellationToken cancellationToken)
   at GitHub.Services.WebApi.VssHttpClientBase.SendAsync[T](HttpMethod method, IEnumerable`1 additionalHeaders, Guid locationId, Object routeValues, ApiResourceVersion version, HttpContent content, IEnumerable`1 queryParameters, Object userState, CancellationToken cancellationToken)
   at GitHub.Runner.Listener.MessageListener.CreateSessionAsync(CancellationToken token)
[2024-05-26 19:17:59Z INFO MessageListener] The session for this runner already exists.
[2024-05-26 19:17:59Z ERR  Terminal] WRITE ERROR: A session for this runner already exists.
[2024-05-26 19:17:59Z INFO MessageListener] The session conflict exception have reached retry limit.
[2024-05-26 19:17:59Z ERR  Terminal] WRITE ERROR: Stop retry on SessionConflictException after retried for 240 seconds.
[2024-05-26 19:17:59Z ERR  Terminal] WRITE ERROR: Failed to create session. The actions runner DESKTOP-8Q64MPE already has an active session for owner DESKTOP-8Q64MPE.
[2024-05-26 19:17:59Z INFO Listener] Runner execution has finished with return code 5
