[2024-05-26 19:08:13Z INFO HostContext] No proxy settings were found based on environmental variables (http_proxy/https_proxy/HTTP_PROXY/HTTPS_PROXY)
[2024-05-26 19:08:13Z INFO HostContext] Well known directory 'Bin': 'C:\Users\Lazar\Documents\Naloga02\actions-runner\actions-runner-win-x64-2.316.1\bin'
[2024-05-26 19:08:13Z INFO HostContext] Well known directory 'Root': 'C:\Users\Lazar\Documents\Naloga02\actions-runner\actions-runner-win-x64-2.316.1'
[2024-05-26 19:08:13Z INFO HostContext] Well known config file 'Credentials': 'C:\Users\Lazar\Documents\Naloga02\actions-runner\actions-runner-win-x64-2.316.1\.credentials'
[2024-05-26 19:08:13Z INFO HostContext] Well known directory 'Bin': 'C:\Users\Lazar\Documents\Naloga02\actions-runner\actions-runner-win-x64-2.316.1\bin'
[2024-05-26 19:08:13Z INFO HostContext] Well known directory 'Root': 'C:\Users\Lazar\Documents\Naloga02\actions-runner\actions-runner-win-x64-2.316.1'
[2024-05-26 19:08:13Z INFO HostContext] Well known config file 'Runner': 'C:\Users\Lazar\Documents\Naloga02\actions-runner\actions-runner-win-x64-2.316.1\.runner'
[2024-05-26 19:08:13Z INFO Listener] Runner is built for Windows (X64) - win-x64.
[2024-05-26 19:08:13Z INFO Listener] RuntimeInformation: Microsoft Windows 10.0.19045.
[2024-05-26 19:08:13Z INFO Listener] Version: 2.316.1
[2024-05-26 19:08:13Z INFO Listener] Commit: 9ac138d10eac15c71493f004f1b1bc919ead40de
[2024-05-26 19:08:13Z INFO Listener] Culture: en-US
[2024-05-26 19:08:13Z INFO Listener] UI Culture: en-US
[2024-05-26 19:08:13Z INFO HostContext] Well known directory 'Bin': 'C:\Users\Lazar\Documents\Naloga02\actions-runner\actions-runner-win-x64-2.316.1\bin'
[2024-05-26 19:08:13Z INFO HostContext] Well known directory 'Root': 'C:\Users\Lazar\Documents\Naloga02\actions-runner\actions-runner-win-x64-2.316.1'
[2024-05-26 19:08:13Z INFO Listener] Validating directory permissions for: 'C:\Users\Lazar\Documents\Naloga02\actions-runner\actions-runner-win-x64-2.316.1'
[2024-05-26 19:08:13Z INFO CommandLineParser] Parse
[2024-05-26 19:08:13Z INFO CommandLineParser] Parsing 5 args
[2024-05-26 19:08:13Z INFO CommandLineParser] parsing argument
[2024-05-26 19:08:13Z INFO CommandLineParser] HasArgs: False
[2024-05-26 19:08:13Z INFO CommandLineParser] Adding Command: configure
[2024-05-26 19:08:13Z INFO CommandLineParser] parsing argument
[2024-05-26 19:08:13Z INFO CommandLineParser] HasArgs: True
[2024-05-26 19:08:13Z INFO CommandLineParser] arg: url
[2024-05-26 19:08:13Z INFO CommandLineParser] parsing argument
[2024-05-26 19:08:13Z INFO CommandLineParser] HasArgs: True
[2024-05-26 19:08:13Z INFO CommandLineParser] Adding option 'url': 'https://github.com/Lazar2201/Preizkusanje_09'
[2024-05-26 19:08:13Z INFO CommandLineParser] parsing argument
[2024-05-26 19:08:13Z INFO CommandLineParser] HasArgs: True
[2024-05-26 19:08:13Z INFO CommandLineParser] arg: token
[2024-05-26 19:08:13Z INFO CommandLineParser] parsing argument
[2024-05-26 19:08:13Z INFO CommandLineParser] HasArgs: True
[2024-05-26 19:08:13Z INFO CommandLineParser] Adding option 'token': '***'
[2024-05-26 19:08:13Z INFO Listener] Arguments parsed
[2024-05-26 19:08:13Z INFO Runner] ExecuteCommand
[2024-05-26 19:08:13Z INFO ConfigurationStore] currentAssemblyLocation: C:\Users\Lazar\Documents\Naloga02\actions-runner\actions-runner-win-x64-2.316.1\bin\Runner.Listener.dll
[2024-05-26 19:08:13Z INFO HostContext] Well known directory 'Bin': 'C:\Users\Lazar\Documents\Naloga02\actions-runner\actions-runner-win-x64-2.316.1\bin'
[2024-05-26 19:08:13Z INFO ConfigurationStore] binPath: C:\Users\Lazar\Documents\Naloga02\actions-runner\actions-runner-win-x64-2.316.1\bin
[2024-05-26 19:08:13Z INFO HostContext] Well known directory 'Bin': 'C:\Users\Lazar\Documents\Naloga02\actions-runner\actions-runner-win-x64-2.316.1\bin'
[2024-05-26 19:08:13Z INFO HostContext] Well known directory 'Root': 'C:\Users\Lazar\Documents\Naloga02\actions-runner\actions-runner-win-x64-2.316.1'
[2024-05-26 19:08:13Z INFO ConfigurationStore] RootFolder: C:\Users\Lazar\Documents\Naloga02\actions-runner\actions-runner-win-x64-2.316.1
[2024-05-26 19:08:13Z INFO HostContext] Well known directory 'Bin': 'C:\Users\Lazar\Documents\Naloga02\actions-runner\actions-runner-win-x64-2.316.1\bin'
[2024-05-26 19:08:13Z INFO HostContext] Well known directory 'Root': 'C:\Users\Lazar\Documents\Naloga02\actions-runner\actions-runner-win-x64-2.316.1'
[2024-05-26 19:08:13Z INFO HostContext] Well known config file 'Runner': 'C:\Users\Lazar\Documents\Naloga02\actions-runner\actions-runner-win-x64-2.316.1\.runner'
[2024-05-26 19:08:13Z INFO ConfigurationStore] ConfigFilePath: C:\Users\Lazar\Documents\Naloga02\actions-runner\actions-runner-win-x64-2.316.1\.runner
[2024-05-26 19:08:13Z INFO HostContext] Well known directory 'Bin': 'C:\Users\Lazar\Documents\Naloga02\actions-runner\actions-runner-win-x64-2.316.1\bin'
[2024-05-26 19:08:13Z INFO HostContext] Well known directory 'Root': 'C:\Users\Lazar\Documents\Naloga02\actions-runner\actions-runner-win-x64-2.316.1'
[2024-05-26 19:08:13Z INFO HostContext] Well known config file 'Credentials': 'C:\Users\Lazar\Documents\Naloga02\actions-runner\actions-runner-win-x64-2.316.1\.credentials'
[2024-05-26 19:08:13Z INFO ConfigurationStore] CredFilePath: C:\Users\Lazar\Documents\Naloga02\actions-runner\actions-runner-win-x64-2.316.1\.credentials
[2024-05-26 19:08:13Z INFO HostContext] Well known directory 'Bin': 'C:\Users\Lazar\Documents\Naloga02\actions-runner\actions-runner-win-x64-2.316.1\bin'
[2024-05-26 19:08:13Z INFO HostContext] Well known directory 'Root': 'C:\Users\Lazar\Documents\Naloga02\actions-runner\actions-runner-win-x64-2.316.1'
[2024-05-26 19:08:13Z INFO HostContext] Well known config file 'MigratedCredentials': 'C:\Users\Lazar\Documents\Naloga02\actions-runner\actions-runner-win-x64-2.316.1\.credentials_migrated'
[2024-05-26 19:08:13Z INFO ConfigurationStore] MigratedCredFilePath: C:\Users\Lazar\Documents\Naloga02\actions-runner\actions-runner-win-x64-2.316.1\.credentials_migrated
[2024-05-26 19:08:13Z INFO HostContext] Well known directory 'Bin': 'C:\Users\Lazar\Documents\Naloga02\actions-runner\actions-runner-win-x64-2.316.1\bin'
[2024-05-26 19:08:13Z INFO HostContext] Well known directory 'Root': 'C:\Users\Lazar\Documents\Naloga02\actions-runner\actions-runner-win-x64-2.316.1'
[2024-05-26 19:08:13Z INFO HostContext] Well known config file 'Service': 'C:\Users\Lazar\Documents\Naloga02\actions-runner\actions-runner-win-x64-2.316.1\.service'
[2024-05-26 19:08:13Z INFO ConfigurationStore] ServiceConfigFilePath: C:\Users\Lazar\Documents\Naloga02\actions-runner\actions-runner-win-x64-2.316.1\.service
[2024-05-26 19:08:13Z INFO CommandSettings] Flag 'help': 'False'
[2024-05-26 19:08:13Z INFO CommandSettings] Flag 'version': 'False'
[2024-05-26 19:08:13Z INFO CommandSettings] Flag 'commit': 'False'
[2024-05-26 19:08:13Z INFO CommandSettings] Flag 'check': 'False'
[2024-05-26 19:08:13Z INFO CommandSettings] Command 'configure': 'True'
[2024-05-26 19:08:13Z INFO Terminal] WRITE LINE: 
[2024-05-26 19:08:13Z INFO Terminal] WRITE LINE: --------------------------------------------------------------------------------
[2024-05-26 19:08:13Z INFO Terminal] WRITE LINE: |        ____ _ _   _   _       _          _        _   _                      |
[2024-05-26 19:08:13Z INFO Terminal] WRITE LINE: |       / ___(_) |_| | | |_   _| |__      / \   ___| |_(_) ___  _ __  ___      |
[2024-05-26 19:08:13Z INFO Terminal] WRITE LINE: |      | |  _| | __| |_| | | | | '_ \    / _ \ / __| __| |/ _ \| '_ \/ __|     |
[2024-05-26 19:08:13Z INFO Terminal] WRITE LINE: |      | |_| | | |_|  _  | |_| | |_) |  / ___ \ (__| |_| | (_) | | | \__ \     |
[2024-05-26 19:08:13Z INFO Terminal] WRITE LINE: |       \____|_|\__|_| |_|\__,_|_.__/  /_/   \_\___|\__|_|\___/|_| |_|___/     |
[2024-05-26 19:08:13Z INFO Terminal] WRITE LINE: |                                                                              |
[2024-05-26 19:08:13Z INFO Terminal] WRITE: |                       
[2024-05-26 19:08:13Z INFO Terminal] WRITE: Self-hosted runner registration
[2024-05-26 19:08:13Z INFO Terminal] WRITE LINE:                         |
[2024-05-26 19:08:13Z INFO Terminal] WRITE LINE: |                                                                              |
[2024-05-26 19:08:13Z INFO Terminal] WRITE LINE: --------------------------------------------------------------------------------
[2024-05-26 19:08:13Z INFO ConfigurationManager] ConfigureAsync
[2024-05-26 19:08:13Z INFO CommandSettings] Flag 'generateServiceConfig': 'False'
[2024-05-26 19:08:13Z INFO ConfigurationStore] IsConfigured()
[2024-05-26 19:08:13Z INFO ConfigurationStore] IsConfigured: True
[2024-05-26 19:08:13Z INFO ConfigurationManager] Is configured: True
[2024-05-26 19:08:13Z ERR  Runner] System.InvalidOperationException: Cannot configure the runner because it is already configured. To reconfigure the runner, run 'config.cmd remove' or './config.sh remove' first.
   at GitHub.Runner.Listener.Configuration.ConfigurationManager.ConfigureAsync(CommandSettings command)
   at GitHub.Runner.Listener.Runner.ExecuteCommand(CommandSettings command)
[2024-05-26 19:08:13Z ERR  Terminal] WRITE ERROR: Cannot configure the runner because it is already configured. To reconfigure the runner, run 'config.cmd remove' or './config.sh remove' first.
[2024-05-26 19:08:13Z INFO Listener] Runner execution has finished with return code 1
