[2024-05-26 18:50:20Z INFO HostContext] No proxy settings were found based on environmental variables (http_proxy/https_proxy/HTTP_PROXY/HTTPS_PROXY)
[2024-05-26 18:50:20Z INFO HostContext] Well known directory 'Bin': 'C:\Users\Lazar\Documents\Naloga02\actions-runner\actions-runner-win-x64-2.316.1\bin'
[2024-05-26 18:50:20Z INFO HostContext] Well known directory 'Root': 'C:\Users\Lazar\Documents\Naloga02\actions-runner\actions-runner-win-x64-2.316.1'
[2024-05-26 18:50:20Z INFO HostContext] Well known config file 'Credentials': 'C:\Users\Lazar\Documents\Naloga02\actions-runner\actions-runner-win-x64-2.316.1\.credentials'
[2024-05-26 18:50:20Z INFO HostContext] Well known directory 'Bin': 'C:\Users\Lazar\Documents\Naloga02\actions-runner\actions-runner-win-x64-2.316.1\bin'
[2024-05-26 18:50:20Z INFO HostContext] Well known directory 'Root': 'C:\Users\Lazar\Documents\Naloga02\actions-runner\actions-runner-win-x64-2.316.1'
[2024-05-26 18:50:20Z INFO HostContext] Well known config file 'Runner': 'C:\Users\Lazar\Documents\Naloga02\actions-runner\actions-runner-win-x64-2.316.1\.runner'
[2024-05-26 18:50:20Z INFO Listener] Runner is built for Windows (X64) - win-x64.
[2024-05-26 18:50:20Z INFO Listener] RuntimeInformation: Microsoft Windows 10.0.19045.
[2024-05-26 18:50:20Z INFO Listener] Version: 2.316.1
[2024-05-26 18:50:20Z INFO Listener] Commit: 9ac138d10eac15c71493f004f1b1bc919ead40de
[2024-05-26 18:50:20Z INFO Listener] Culture: en-US
[2024-05-26 18:50:20Z INFO Listener] UI Culture: en-US
[2024-05-26 18:50:20Z INFO HostContext] Well known directory 'Bin': 'C:\Users\Lazar\Documents\Naloga02\actions-runner\actions-runner-win-x64-2.316.1\bin'
[2024-05-26 18:50:20Z INFO HostContext] Well known directory 'Root': 'C:\Users\Lazar\Documents\Naloga02\actions-runner\actions-runner-win-x64-2.316.1'
[2024-05-26 18:50:20Z INFO Listener] Validating directory permissions for: 'C:\Users\Lazar\Documents\Naloga02\actions-runner\actions-runner-win-x64-2.316.1'
[2024-05-26 18:50:20Z INFO CommandLineParser] Parse
[2024-05-26 18:50:20Z INFO CommandLineParser] Parsing 5 args
[2024-05-26 18:50:20Z INFO CommandLineParser] parsing argument
[2024-05-26 18:50:20Z INFO CommandLineParser] HasArgs: False
[2024-05-26 18:50:20Z INFO CommandLineParser] Adding Command: configure
[2024-05-26 18:50:20Z INFO CommandLineParser] parsing argument
[2024-05-26 18:50:20Z INFO CommandLineParser] HasArgs: True
[2024-05-26 18:50:20Z INFO CommandLineParser] arg: url
[2024-05-26 18:50:20Z INFO CommandLineParser] parsing argument
[2024-05-26 18:50:20Z INFO CommandLineParser] HasArgs: True
[2024-05-26 18:50:20Z INFO CommandLineParser] Adding option 'url': 'https://github.com/Lazar2201/Preizkusanje_09'
[2024-05-26 18:50:20Z INFO CommandLineParser] parsing argument
[2024-05-26 18:50:20Z INFO CommandLineParser] HasArgs: True
[2024-05-26 18:50:20Z INFO CommandLineParser] arg: token
[2024-05-26 18:50:20Z INFO CommandLineParser] parsing argument
[2024-05-26 18:50:20Z INFO CommandLineParser] HasArgs: True
[2024-05-26 18:50:20Z INFO CommandLineParser] Adding option 'token': '***'
[2024-05-26 18:50:20Z INFO Listener] Arguments parsed
[2024-05-26 18:50:20Z INFO Runner] ExecuteCommand
[2024-05-26 18:50:20Z INFO ConfigurationStore] currentAssemblyLocation: C:\Users\Lazar\Documents\Naloga02\actions-runner\actions-runner-win-x64-2.316.1\bin\Runner.Listener.dll
[2024-05-26 18:50:20Z INFO HostContext] Well known directory 'Bin': 'C:\Users\Lazar\Documents\Naloga02\actions-runner\actions-runner-win-x64-2.316.1\bin'
[2024-05-26 18:50:20Z INFO ConfigurationStore] binPath: C:\Users\Lazar\Documents\Naloga02\actions-runner\actions-runner-win-x64-2.316.1\bin
[2024-05-26 18:50:20Z INFO HostContext] Well known directory 'Bin': 'C:\Users\Lazar\Documents\Naloga02\actions-runner\actions-runner-win-x64-2.316.1\bin'
[2024-05-26 18:50:20Z INFO HostContext] Well known directory 'Root': 'C:\Users\Lazar\Documents\Naloga02\actions-runner\actions-runner-win-x64-2.316.1'
[2024-05-26 18:50:20Z INFO ConfigurationStore] RootFolder: C:\Users\Lazar\Documents\Naloga02\actions-runner\actions-runner-win-x64-2.316.1
[2024-05-26 18:50:20Z INFO HostContext] Well known directory 'Bin': 'C:\Users\Lazar\Documents\Naloga02\actions-runner\actions-runner-win-x64-2.316.1\bin'
[2024-05-26 18:50:20Z INFO HostContext] Well known directory 'Root': 'C:\Users\Lazar\Documents\Naloga02\actions-runner\actions-runner-win-x64-2.316.1'
[2024-05-26 18:50:20Z INFO HostContext] Well known config file 'Runner': 'C:\Users\Lazar\Documents\Naloga02\actions-runner\actions-runner-win-x64-2.316.1\.runner'
[2024-05-26 18:50:20Z INFO ConfigurationStore] ConfigFilePath: C:\Users\Lazar\Documents\Naloga02\actions-runner\actions-runner-win-x64-2.316.1\.runner
[2024-05-26 18:50:20Z INFO HostContext] Well known directory 'Bin': 'C:\Users\Lazar\Documents\Naloga02\actions-runner\actions-runner-win-x64-2.316.1\bin'
[2024-05-26 18:50:20Z INFO HostContext] Well known directory 'Root': 'C:\Users\Lazar\Documents\Naloga02\actions-runner\actions-runner-win-x64-2.316.1'
[2024-05-26 18:50:20Z INFO HostContext] Well known config file 'Credentials': 'C:\Users\Lazar\Documents\Naloga02\actions-runner\actions-runner-win-x64-2.316.1\.credentials'
[2024-05-26 18:50:20Z INFO ConfigurationStore] CredFilePath: C:\Users\Lazar\Documents\Naloga02\actions-runner\actions-runner-win-x64-2.316.1\.credentials
[2024-05-26 18:50:20Z INFO HostContext] Well known directory 'Bin': 'C:\Users\Lazar\Documents\Naloga02\actions-runner\actions-runner-win-x64-2.316.1\bin'
[2024-05-26 18:50:20Z INFO HostContext] Well known directory 'Root': 'C:\Users\Lazar\Documents\Naloga02\actions-runner\actions-runner-win-x64-2.316.1'
[2024-05-26 18:50:20Z INFO HostContext] Well known config file 'MigratedCredentials': 'C:\Users\Lazar\Documents\Naloga02\actions-runner\actions-runner-win-x64-2.316.1\.credentials_migrated'
[2024-05-26 18:50:20Z INFO ConfigurationStore] MigratedCredFilePath: C:\Users\Lazar\Documents\Naloga02\actions-runner\actions-runner-win-x64-2.316.1\.credentials_migrated
[2024-05-26 18:50:20Z INFO HostContext] Well known directory 'Bin': 'C:\Users\Lazar\Documents\Naloga02\actions-runner\actions-runner-win-x64-2.316.1\bin'
[2024-05-26 18:50:20Z INFO HostContext] Well known directory 'Root': 'C:\Users\Lazar\Documents\Naloga02\actions-runner\actions-runner-win-x64-2.316.1'
[2024-05-26 18:50:20Z INFO HostContext] Well known config file 'Service': 'C:\Users\Lazar\Documents\Naloga02\actions-runner\actions-runner-win-x64-2.316.1\.service'
[2024-05-26 18:50:20Z INFO ConfigurationStore] ServiceConfigFilePath: C:\Users\Lazar\Documents\Naloga02\actions-runner\actions-runner-win-x64-2.316.1\.service
[2024-05-26 18:50:20Z INFO CommandSettings] Flag 'help': 'False'
[2024-05-26 18:50:20Z INFO CommandSettings] Flag 'version': 'False'
[2024-05-26 18:50:20Z INFO CommandSettings] Flag 'commit': 'False'
[2024-05-26 18:50:20Z INFO CommandSettings] Flag 'check': 'False'
[2024-05-26 18:50:20Z INFO CommandSettings] Command 'configure': 'True'
[2024-05-26 18:50:20Z INFO Terminal] WRITE LINE: 
[2024-05-26 18:50:20Z INFO Terminal] WRITE LINE: --------------------------------------------------------------------------------
[2024-05-26 18:50:20Z INFO Terminal] WRITE LINE: |        ____ _ _   _   _       _          _        _   _                      |
[2024-05-26 18:50:20Z INFO Terminal] WRITE LINE: |       / ___(_) |_| | | |_   _| |__      / \   ___| |_(_) ___  _ __  ___      |
[2024-05-26 18:50:20Z INFO Terminal] WRITE LINE: |      | |  _| | __| |_| | | | | '_ \    / _ \ / __| __| |/ _ \| '_ \/ __|     |
[2024-05-26 18:50:20Z INFO Terminal] WRITE LINE: |      | |_| | | |_|  _  | |_| | |_) |  / ___ \ (__| |_| | (_) | | | \__ \     |
[2024-05-26 18:50:20Z INFO Terminal] WRITE LINE: |       \____|_|\__|_| |_|\__,_|_.__/  /_/   \_\___|\__|_|\___/|_| |_|___/     |
[2024-05-26 18:50:20Z INFO Terminal] WRITE LINE: |                                                                              |
[2024-05-26 18:50:20Z INFO Terminal] WRITE: |                       
[2024-05-26 18:50:20Z INFO Terminal] WRITE: Self-hosted runner registration
[2024-05-26 18:50:20Z INFO Terminal] WRITE LINE:                         |
[2024-05-26 18:50:20Z INFO Terminal] WRITE LINE: |                                                                              |
[2024-05-26 18:50:20Z INFO Terminal] WRITE LINE: --------------------------------------------------------------------------------
[2024-05-26 18:50:20Z INFO ConfigurationManager] ConfigureAsync
[2024-05-26 18:50:20Z INFO CommandSettings] Flag 'generateServiceConfig': 'False'
[2024-05-26 18:50:20Z INFO ConfigurationStore] IsConfigured()
[2024-05-26 18:50:20Z INFO ConfigurationStore] IsConfigured: False
[2024-05-26 18:50:20Z INFO ConfigurationManager] Is configured: False
[2024-05-26 18:50:20Z INFO CommandSettings] Arg 'url': 'https://github.com/Lazar2201/Preizkusanje_09'
[2024-05-26 18:50:20Z INFO CommandSettings] Remove url from Arg dictionary.
[2024-05-26 18:50:20Z INFO CommandSettings] Arg 'token': '***'
[2024-05-26 18:50:20Z INFO CommandSettings] Remove token from Arg dictionary.
[2024-05-26 18:50:20Z INFO ConfigurationManager] Http response code: OK from 'POST https://api.github.com/actions/runner-registration' (EE69:3F1518:13F7F3AF:14139EEF:6653846D)
[2024-05-26 18:50:20Z INFO ConfigurationManager] Using V2 flow: False
[2024-05-26 18:50:20Z INFO ConfigurationManager] cred retrieved via GitHub auth
[2024-05-26 18:50:20Z INFO RunnerServer] EstablishVssConnection
[2024-05-26 18:50:20Z INFO RunnerServer] Establish connection with 100 seconds timeout.
[2024-05-26 18:50:21Z INFO GitHubActionsService] Starting operation Location.GetConnectionData
[2024-05-26 18:50:21Z INFO RunnerServer] EstablishVssConnection
[2024-05-26 18:50:21Z INFO RunnerServer] Establish connection with 60 seconds timeout.
[2024-05-26 18:50:21Z INFO GitHubActionsService] Starting operation Location.GetConnectionData
[2024-05-26 18:50:21Z INFO RunnerServer] EstablishVssConnection
[2024-05-26 18:50:21Z INFO RunnerServer] Establish connection with 60 seconds timeout.
[2024-05-26 18:50:21Z INFO GitHubActionsService] Starting operation Location.GetConnectionData
[2024-05-26 18:50:21Z INFO GitHubActionsService] Finished operation Location.GetConnectionData
[2024-05-26 18:50:21Z INFO GitHubActionsService] Finished operation Location.GetConnectionData
[2024-05-26 18:50:21Z INFO GitHubActionsService] Finished operation Location.GetConnectionData
[2024-05-26 18:50:21Z INFO Terminal] WRITE LINE: 
[2024-05-26 18:50:21Z INFO ConfigurationManager] Test Connection complete.
[2024-05-26 18:50:21Z INFO HostContext] Well known directory 'Bin': 'C:\Users\Lazar\Documents\Naloga02\actions-runner\actions-runner-win-x64-2.316.1\bin'
[2024-05-26 18:50:21Z INFO HostContext] Well known directory 'Root': 'C:\Users\Lazar\Documents\Naloga02\actions-runner\actions-runner-win-x64-2.316.1'
[2024-05-26 18:50:21Z INFO HostContext] Well known config file 'RSACredentials': 'C:\Users\Lazar\Documents\Naloga02\actions-runner\actions-runner-win-x64-2.316.1\.credentials_rsaparams'
[2024-05-26 18:50:21Z INFO RSAEncryptedFileKeyManager] Found existing RSA key parameters file C:\Users\Lazar\Documents\Naloga02\actions-runner\actions-runner-win-x64-2.316.1\.credentials_rsaparams
[2024-05-26 18:50:22Z INFO CommandSettings] Arg 'runnergroup': ''
[2024-05-26 18:50:22Z INFO CommandSettings] Flag 'unattended': 'False'
[2024-05-26 18:50:22Z INFO PromptManager] ReadValue
[2024-05-26 18:50:22Z INFO Terminal] WRITE: Enter the name of the runner group to add this runner to: 
[2024-05-26 18:50:22Z INFO Terminal] WRITE: [press Enter for Default] 
[2024-05-26 18:50:22Z INFO Terminal] READ LINE
[2024-05-26 18:50:50Z INFO Terminal] Read value: 'Run script'
[2024-05-26 18:50:50Z INFO Terminal] WRITE LINE: 
[2024-05-26 18:50:50Z ERR  Runner] GitHub.DistributedTask.WebApi.TaskAgentPoolNotFoundException: Could not find any self-hosted runner group named "Run script".
   at GitHub.Runner.Listener.Configuration.ConfigurationManager.ConfigureAsync(CommandSettings command)
   at GitHub.Runner.Listener.Runner.ExecuteCommand(CommandSettings command)
[2024-05-26 18:50:50Z ERR  Terminal] WRITE ERROR: Could not find any self-hosted runner group named "Run script".
[2024-05-26 18:50:50Z INFO Listener] Runner execution has finished with return code 1
